<?xml version="1.0" encoding="UTF-8"?>
<testng-results skipped="0" failed="0" ignored="0" total="1" passed="1">
  <reporter-output>
  </reporter-output>
  <suite name="Default suite" duration-ms="15741" started-at="2022-02-09T14:03:17 CET" finished-at="2022-02-09T14:03:33 CET">
    <groups>
    </groups>
    <test name="Default test" duration-ms="15741" started-at="2022-02-09T14:03:17 CET" finished-at="2022-02-09T14:03:33 CET">
      <class name="hw7_2_2022_tests.FormTest">
        <test-method status="PASS" signature="beforeMethod()[pri:0, instance:hw7_2_2022_tests.FormTest@66d1af89]" name="beforeMethod" is-config="true" duration-ms="14162" started-at="2022-02-09T14:03:17 CET" finished-at="2022-02-09T14:03:31 CET">
          <reporter-output>
          </reporter-output>
        </test-method> <!-- beforeMethod -->
        <test-method status="PASS" signature="Form()[pri:0, instance:hw7_2_2022_tests.FormTest@66d1af89]" name="Form" duration-ms="700" started-at="2022-02-09T14:03:31 CET" finished-at="2022-02-09T14:03:32 CET">
          <reporter-output>
          </reporter-output>
        </test-method> <!-- Form -->
        <test-method status="PASS" signature="afterMethod()[pri:0, instance:hw7_2_2022_tests.FormTest@66d1af89]" name="afterMethod" is-config="true" duration-ms="827" started-at="2022-02-09T14:03:32 CET" finished-at="2022-02-09T14:03:33 CET">
          <reporter-output>
          </reporter-output>
        </test-method> <!-- afterMethod -->
      </class> <!-- hw7_2_2022_tests.FormTest -->
    </test> <!-- Default test -->
  </suite> <!-- Default suite -->
</testng-results>
